e:\githubspace\qanydesk\client\client\x64\debug\cshostinfo.pb.obj
e:\githubspace\qanydesk\client\client\x64\debug\qmessage.pb.obj
e:\githubspace\qanydesk\client\client\x64\debug\networkhandler.obj
e:\githubspace\qanydesk\client\client\x64\debug\main.obj
e:\githubspace\qanydesk\client\client\x64\debug\qrc_css.obj
e:\githubspace\qanydesk\client\client\x64\debug\qrc_src.obj
e:\githubspace\qanydesk\client\client\x64\debug\vc141.pdb
e:\githubspace\qanydesk\client\client\x64\debug\moc_eyebutton.obj
e:\githubspace\qanydesk\client\client\x64\debug\moc_mainwindow.obj
e:\githubspace\qanydesk\client\client\x64\debug\moc_settingbutton.obj
e:\githubspace\qanydesk\client\client\x64\debug\moc_pencilbutton.obj
e:\githubspace\qanydesk\client\client\x64\debug\moc_networkhandler.obj
e:\githubspace\qanydesk\client\client\x64\debug\mainwindow.obj
e:\githubspace\qanydesk\client\client\x64\debug\deviceinfo.obj
e:\githubspace\qanydesk\client\client\x64\debug\moc_deviceinfo.obj
e:\githubspace\qanydesk\client\client\x64\debug\uic\ui_widget.h
e:\githubspace\qanydesk\client\client\x64\debug\rcc\qrc_css.cpp
e:\githubspace\qanydesk\client\client\x64\debug\moc\moc_widget.cpp
e:\githubspace\qanydesk\client\client\x64\debug\moc\moc_networkhandler.cpp
e:\githubspace\qanydesk\client\client\x64\debug\rcc\qrc_src.cpp
e:\githubspace\qanydesk\client\client\x64\debug\moc\moc_settingbutton.cpp
e:\githubspace\qanydesk\client\client\x64\debug\moc\moc_pencilbutton.cpp
e:\githubspace\qanydesk\client\client\x64\debug\moc\moc_eyebutton.cpp
e:\githubspace\qanydesk\client\client\x64\debug\uic\ui_mainwindow.h
e:\githubspace\qanydesk\client\client\x64\debug\moc\moc_mainwindow.cpp
e:\githubspace\qanydesk\client\client\x64\debug\moc\moc_deviceinfo.cpp
e:\githubspace\qanydesk\client\x64\debug\client.exe
e:\githubspace\qanydesk\client\x64\debug\client.ilk
e:\githubspace\qanydesk\client\x64\debug\client.pdb
e:\githubspace\qanydesk\client\client\x64\debug\client.tlog\cl.command.1.tlog
e:\githubspace\qanydesk\client\client\x64\debug\client.tlog\cl.read.1.tlog
e:\githubspace\qanydesk\client\client\x64\debug\client.tlog\cl.write.1.tlog
e:\githubspace\qanydesk\client\client\x64\debug\client.tlog\client.write.1u.tlog
e:\githubspace\qanydesk\client\client\x64\debug\client.tlog\link.command.1.tlog
e:\githubspace\qanydesk\client\client\x64\debug\client.tlog\link.read.1.tlog
e:\githubspace\qanydesk\client\client\x64\debug\client.tlog\link.write.1.tlog
e:\githubspace\qanydesk\client\client\x64\debug\client.tlog\moc.read.1u.tlog
e:\githubspace\qanydesk\client\client\x64\debug\client.tlog\moc.write.1u.tlog
e:\githubspace\qanydesk\client\client\x64\debug\client.tlog\rcc.read.1u.tlog
e:\githubspace\qanydesk\client\client\x64\debug\client.tlog\rcc.write.1u.tlog
e:\githubspace\qanydesk\client\client\x64\debug\client.tlog\uic.read.1u.tlog
e:\githubspace\qanydesk\client\client\x64\debug\client.tlog\uic.write.1u.tlog
